<?xml version="1.0" encoding="UTF-8"?>
<!-- Generated by org.testng.reporters.JUnitXMLReporter -->
<testsuite ignored="0" hostname="DESKTOP-TKJE3OB" failures="1" tests="6" name="TestOnChrome" time="42.657" errors="0" timestamp="2023-02-24T00:08:30 IST">
  <testcase classname="com.fb.qa.util.Facebook_Sign_In_With_Excel" name="sign_In" time="2.762">
    <failure type="org.testng.internal.reflect.MethodMatcherException" message="
[public void com.fb.qa.util.Facebook_Sign_In_With_Excel.sign_In(java.lang.String,java.lang.String,java.lang.String)] has no parameters defined but was found to be using a data provider (either explicitly specified or inherited from class level annotation).
Data provider mismatch
Method: sign_In([Parameter{index=0, type=java.lang.String, declaredAnnotations=[]}, Parameter{index=1, type=java.lang.String, declaredAnnotations=[]}, Parameter{index=2, type=java.lang.String, declaredAnnotations=[]}])
Arguments: [(java.lang.String) Username,(java.lang.String) Password]">
      <![CDATA[org.testng.internal.reflect.MethodMatcherException: 
[public void com.fb.qa.util.Facebook_Sign_In_With_Excel.sign_In(java.lang.String,java.lang.String,java.lang.String)] has no parameters defined but was found to be using a data provider (either explicitly specified or inherited from class level annotation).
Data provider mismatch
Method: sign_In([Parameter{index=0, type=java.lang.String, declaredAnnotations=[]}, Parameter{index=1, type=java.lang.String, declaredAnnotations=[]}, Parameter{index=2, type=java.lang.String, declaredAnnotations=[]}])
Arguments: [(java.lang.String) Username,(java.lang.String) Password]
at java.base/java.util.concurrent.ThreadPoolExecutor.runWorker(ThreadPoolExecutor.java:1136)
at java.base/java.util.concurrent.ThreadPoolExecutor$Worker.run(ThreadPoolExecutor.java:635)
at java.base/java.lang.Thread.run(Thread.java:833)
... Removed 7 stack frames]]>
    </failure>
  </testcase> <!-- sign_In -->
  <testcase classname="com.fb.qa.util.Read_Excel" name="read_Excel" time="2.728"/>
  <testcase classname="com.fb.qa.util.Read_Excel_Data" name="read_Data" time="2.73"/>
  <testcase classname="com.fb.qa.util.Facebook_Sign_In" name="sign_In" time="12.852"/>
  <testcase classname="com.fb.qa.util.Facebook_Sign_In" name="sign_In" time="16.587"/>
  <testcase classname="com.fb.qa.util.Facebook_Sign_In" name="sign_In" time="12.995"/>
</testsuite> <!-- TestOnChrome -->
